<?xml version="1.0" encoding="UTF-8"?>
<!-- Generated by org.testng.reporters.JUnitXMLReporter -->
<testsuite hostname="DESKTOP-58OHAIN" ignored="0" name="c2" tests="5" failures="0" timestamp="31 Dec 2019 09:50:17 GMT" time="0.026" errors="0">
  <testcase name="addEmployee" time="0.001" classname="com.tng.basics.OhrmTest2"/>
  <testcase name="deleteEmployee" time="0.003" classname="com.tng.basics.OhrmTest2"/>
  <testcase name="editEmployee" time="0.002" classname="com.tng.basics.OhrmTest2"/>
  <testcase name="t2" time="0.002" classname="com.tng.basics.Test1"/>
  <testcase name="t1" time="0.0" classname="com.tng.basics.Test1"/>
</testsuite> <!-- c2 -->
